Arguments: 
  C:\Program Files\nodejs\node.exe C:\Program Files (x86)\Yarn\bin\yarn.js init

PATH: 
  C:\Program Files\Git\mingw64\bin;C:\Program Files\Git\usr\bin;C:\Users\Alex\bin;C:\Program Files (x86)\Common Files\Oracle\Java\javapath;C:\WINDOWS\system32;C:\WINDOWS;C:\WINDOWS\System32\Wbem;C:\WINDOWS\System32\WindowsPowerShell\v1.0;C:\Program Files (x86)\NVIDIA Corporation\PhysX\Common;C:\WINDOWS\system32;C:\WINDOWS;C:\WINDOWS\System32\Wbem;C:\WINDOWS\System32\WindowsPowerShell\v1.0;C:\WINDOWS\System32\OpenSSH;C:\Program Files\NVIDIA Corporation\NVIDIA NvDLISR;C:\Program Files\nodejs;C:\Program Files (x86)\Yarn\bin;C:\Program Files (x86)\sqlite3;C:\Program Files\PostgreSQL\12\bin;C:\Program Files\PostgreSQL\12\lib;C:\Program Files\Git\cmd;C:\Program Files\Redis;C:\Users\Alex\AppData\Local\Microsoft\WindowsApps;C:\Users\Alex\AppData\Local\Programs\Microsoft VS Code\bin;C:\Users\Alex\AppData\Roaming\npm;C:\Users\Alex\AppData\Local\Yarn\bin;C:\Users\Alex\.git-secrets;C:\Users\Alex\AppData\Roaming\Python\Python38\Scripts;C:\Users\Alex\.deno\bin

Yarn version: 
  1.21.1

Node version: 
  12.14.1

Platform: 
  win32 x64

Trace: 
  Error: canceled
      at Interface.<anonymous> (C:\Program Files (x86)\Yarn\lib\cli.js:136925:13)
      at Interface.emit (events.js:223:5)
      at Interface._ttyWrite (readline.js:885:16)
      at ReadStream.onkeypress (readline.js:191:10)
      at ReadStream.emit (events.js:223:5)
      at emitKeys (internal/readline/utils.js:433:14)
      at emitKeys.next (<anonymous>)
      at ReadStream.onData (readline.js:1151:36)
      at ReadStream.emit (events.js:223:5)
      at addChunk (_stream_readable.js:309:12)

npm manifest: 
  {
    "name": "React-TypeScript-Apollo",
    "version": "1.0.0",
    "description": "",
    "main": "index.js",
    "scripts": {
      "watch": "tsc-w",
      "dev": "nodemon dist/index.js",
      "start": "node dist/index.js",
      "test": "echo \"Error: no test specified\" && exit 1",
      "create:migration": "mikro-orm migration:create "
    },
    "repository": {
      "type": "git",
      "url": "git+https://github.com/AlexandroM1234/React-TypeScript-Apollo.git"
    },
    "keywords": [],
    "author": "",
    "license": "ISC",
    "bugs": {
      "url": "https://github.com/AlexandroM1234/React-TypeScript-Apollo/issues"
    },
    "homepage": "https://github.com/AlexandroM1234/React-TypeScript-Apollo#readme",
    "devDependencies": {
      "@types/connect-redis": "^0.0.14",
      "@types/express": "^4.17.8",
      "@types/express-session": "^1.17.0",
      "@types/node": "^14.11.2",
      "@types/redis": "^2.8.27",
      "class-validator": "^0.12.2",
      "nodemon": "^2.0.4",
      "ts-node": "^9.0.0",
      "typescript": "^4.0.3"
    },
    "dependencies": {
      "apollo-server-express": "^2.18.1",
      "argon2": "^0.27.0",
      "connect-redis": "^5.0.0",
      "express": "^4.17.1",
      "express-session": "^1.17.1",
      "graphql": "^15.3.0",
      "pg": "^8.3.3",
      "redis": "^3.0.2",
      "reflect-metadata": "^0.1.13",
      "type-graphql": "^1.0.0"
    }
  }

yarn manifest: 
  No manifest

Lockfile: 
  No lockfile
